<?xml version="1.0" encoding="UTF-8"?>
<!-- Generated by org.testng.reporters.JUnitXMLReporter -->
<testsuite ignored="0" hostname="Asus" failures="0" tests="21" name="Test" time="52.667" errors="0" timestamp="2025-10-07T03:33:21 IST">
  <testcase classname="TestCases.LoginTests" name="verifyTitle" time="0.019"/>
  <testcase classname="TestCases.LoginTests" name="testLogin" time="0.808"/>
  <testcase classname="TestCases.DashboardTests" name="verifyDashboardIsDisplayed" time="1.804"/>
  <testcase classname="TestCases.DashboardTests" name="verifyDashboardTitle" time="0.02"/>
  <testcase classname="TestCases.DashboardTests" name="verifyDashboardUrl" time="0.027"/>
  <testcase classname="TestCases.SideMenuTests" name="clickAdminMenu" time="3.095"/>
  <testcase classname="TestCases.SideMenuTests" name="clickPIMMenu" time="1.382"/>
  <testcase classname="TestCases.SideMenuTests" name="clickLeaveMenu" time="1.38"/>
  <testcase classname="TestCases.SideMenuTests" name="clickTimeMenu" time="1.483"/>
  <testcase classname="TestCases.SideMenuTests" name="clickRecruitmentMenu" time="1.357"/>
  <testcase classname="TestCases.SideMenuTests" name="clickMyInfoMenu" time="2.595"/>
  <testcase classname="TestCases.SideMenuTests" name="clickPerformanceMenu" time="0.956"/>
  <testcase classname="TestCases.SideMenuTests" name="clickDashboardMenu" time="1.167"/>
  <testcase classname="TestCases.SideMenuTests" name="clickDirectoryMenu" time="1.129"/>
  <testcase classname="TestCases.SideMenuTests" name="clickMaintenanceMenu" time="1.515"/>
  <testcase classname="TestCases.SideMenuTests" name="clickCancel" time="0.937"/>
  <testcase classname="TestCases.SideMenuTests" name="clickClaimMenu" time="1.336"/>
  <testcase classname="TestCases.SideMenuTests" name="clickBuzzMenu" time="1.113"/>
  <testcase classname="TestCases.SideSearchTests" name="searchAdminMenu" time="3.952"/>
  <testcase classname="TestCases.SideSearchTests" name="searchPIMMenu" time="2.051"/>
  <testcase classname="TestCases.SideSearchTests" name="searchLeaveMenu" time="1.992"/>
</testsuite> <!-- Test -->
