<?xml version="1.0" encoding="UTF-8"?>
<testsuite xmlns:xsi="http://www.w3.org/2001/XMLSchema-instance" xsi:noNamespaceSchemaLocation="https://maven.apache.org/surefire/maven-surefire-plugin/xsd/surefire-test-report.xsd" version="3.0.2" name="TestSuite" time="53.786" tests="21" errors="0" skipped="0" failures="0">
  <properties>
[...]
</properties>
  <testcase name="verifyTitle" classname="TestCases.LoginTests" time="0.022">
    <system-out><![CDATA[Current Page Title: OrangeHRM
]]></system-out>
    <system-err><![CDATA[SLF4J(W): No SLF4J providers were found.
SLF4J(W): Defaulting to no-operation (NOP) logger implementation
SLF4J(W): See https://www.slf4j.org/codes.html#noProviders for further details.
Oct 07, 2025 3:32:30 AM org.openqa.selenium.devtools.CdpVersionFinder findNearestMatch
WARNING: Unable to find an exact match for CDP version 140, returning the closest version; found: 139; Please update to a Selenium version that supports CDP version 140
]]></system-err>
  </testcase>
  <testcase name="testLogin" classname="TestCases.LoginTests" time="0.795"/>
  <testcase name="verifyDashboardIsDisplayed" classname="TestCases.DashboardTests" time="1.808">
    <system-out><![CDATA[Dashboard displayed: true
]]></system-out>
    <system-err><![CDATA[Oct 07, 2025 3:32:36 AM org.openqa.selenium.devtools.CdpVersionFinder findNearestMatch
WARNING: Unable to find an exact match for CDP version 140, returning the closest version; found: 139; Please update to a Selenium version that supports CDP version 140
]]></system-err>
  </testcase>
  <testcase name="verifyDashboardTitle" classname="TestCases.DashboardTests" time="0.018">
    <system-out><![CDATA[Current Page Title: OrangeHRM
]]></system-out>
  </testcase>
  <testcase name="verifyDashboardUrl" classname="TestCases.DashboardTests" time="0.026">
    <system-out><![CDATA[Current URL: https://opensource-demo.orangehrmlive.com/web/index.php/dashboard/index
]]></system-out>
  </testcase>
  <testcase name="clickAdminMenu" classname="TestCases.SideMenuTests" time="3.1">
    <system-out><![CDATA[ Clicked on Admin menu successfully.
]]></system-out>
    <system-err><![CDATA[Oct 07, 2025 3:32:43 AM org.openqa.selenium.devtools.CdpVersionFinder findNearestMatch
WARNING: Unable to find an exact match for CDP version 140, returning the closest version; found: 139; Please update to a Selenium version that supports CDP version 140
]]></system-err>
  </testcase>
  <testcase name="clickPIMMenu" classname="TestCases.SideMenuTests" time="1.381">
    <system-out><![CDATA[ Clicked on PIM menu successfully.
]]></system-out>
  </testcase>
  <testcase name="clickLeaveMenu" classname="TestCases.SideMenuTests" time="1.38">
    <system-out><![CDATA[ Clicked on Leave menu successfully.
]]></system-out>
  </testcase>
  <testcase name="clickTimeMenu" classname="TestCases.SideMenuTests" time="1.486">
    <system-out><![CDATA[ Clicked on Time menu successfully.
]]></system-out>
  </testcase>
  <testcase name="clickRecruitmentMenu" classname="TestCases.SideMenuTests" time="1.355">
    <system-out><![CDATA[ Clicked on Recruitment menu successfully.
]]></system-out>
  </testcase>
  <testcase name="clickMyInfoMenu" classname="TestCases.SideMenuTests" time="2.596">
    <system-out><![CDATA[Clicked on My Info menu successfully.
]]></system-out>
  </testcase>
  <testcase name="clickPerformanceMenu" classname="TestCases.SideMenuTests" time="0.96">
    <system-out><![CDATA[ Clicked on Performance menu successfully.
]]></system-out>
  </testcase>
  <testcase name="clickDashboardMenu" classname="TestCases.SideMenuTests" time="1.165">
    <system-out><![CDATA[Clicked on Dashboard menu successfully.
]]></system-out>
  </testcase>
  <testcase name="clickDirectoryMenu" classname="TestCases.SideMenuTests" time="1.133">
    <system-out><![CDATA[Clicked on Directory menu successfully.
]]></system-out>
  </testcase>
  <testcase name="clickMaintenanceMenu" classname="TestCases.SideMenuTests" time="1.514">
    <system-out><![CDATA[Clicked on Maintenance menu successfully.
]]></system-out>
  </testcase>
  <testcase name="clickCancel" classname="TestCases.SideMenuTests" time="0.934"/>
  <testcase name="clickClaimMenu" classname="TestCases.SideMenuTests" time="1.338">
    <system-out><![CDATA[Clicked on Claim menu successfully.
]]></system-out>
  </testcase>
  <testcase name="clickBuzzMenu" classname="TestCases.SideMenuTests" time="1.115">
    <system-out><![CDATA[Clicked on Buzz menu successfully.
]]></system-out>
  </testcase>
  <testcase name="searchAdminMenu" classname="TestCases.SideSearchTests" time="3.952">
    <system-out><![CDATA[Browser closed successfully after side menu tests.
 'Admin' menu appears successfully when searched.
]]></system-out>
    <system-err><![CDATA[Oct 07, 2025 3:33:09 AM org.openqa.selenium.devtools.CdpVersionFinder findNearestMatch
WARNING: Unable to find an exact match for CDP version 140, returning the closest version; found: 139; Please update to a Selenium version that supports CDP version 140
]]></system-err>
  </testcase>
  <testcase name="searchPIMMenu" classname="TestCases.SideSearchTests" time="2.054">
    <system-out><![CDATA[ 'PIM' menu appears successfully when searched.
]]></system-out>
  </testcase>
  <testcase name="searchLeaveMenu" classname="TestCases.SideSearchTests" time="1.991">
    <system-out><![CDATA[ 'Leave' menu appears successfully when searched.
]]></system-out>
  </testcase>
</testsuite>