<?xml version="1.0" encoding="UTF-8"?>
<testng-results ignored="0" total="2" passed="2" failed="0" skipped="0">
  <reporter-output>
  </reporter-output>
  <suite started-at="2025-10-07T03:32:02 IST" name="Default suite" finished-at="2025-10-07T03:32:09 IST" duration-ms="7035">
    <groups>
    </groups>
    <test started-at="2025-10-07T03:32:02 IST" name="Default test" finished-at="2025-10-07T03:32:09 IST" duration-ms="7035">
      <class name="TestCases.LoginTests">
        <test-method is-config="true" signature="setUp()[pri:0, instance:TestCases.LoginTests@1ff4931d]" started-at="2025-10-07T03:32:02 IST" name="setUp" finished-at="2025-10-07T03:32:08 IST" duration-ms="5766" status="PASS">
          <reporter-output>
          </reporter-output>
        </test-method> <!-- setUp -->
        <test-method signature="verifyTitle()[pri:1, instance:TestCases.LoginTests@1ff4931d]" started-at="2025-10-07T03:32:08 IST" name="verifyTitle" finished-at="2025-10-07T03:32:08 IST" duration-ms="25" status="PASS">
          <reporter-output>
          </reporter-output>
        </test-method> <!-- verifyTitle -->
        <test-method signature="testLogin()[pri:2, instance:TestCases.LoginTests@1ff4931d]" started-at="2025-10-07T03:32:08 IST" name="testLogin" finished-at="2025-10-07T03:32:09 IST" duration-ms="832" status="PASS">
          <reporter-output>
          </reporter-output>
        </test-method> <!-- testLogin -->
        <test-method is-config="true" signature="tearDownTest()[pri:0, instance:TestCases.LoginTests@1ff4931d]" started-at="2025-10-07T03:32:09 IST" name="tearDownTest" finished-at="2025-10-07T03:32:09 IST" duration-ms="338" status="PASS">
          <reporter-output>
          </reporter-output>
        </test-method> <!-- tearDownTest -->
        <test-method is-config="true" signature="tearDown()[pri:0, instance:TestCases.LoginTests@1ff4931d]" started-at="2025-10-07T03:32:09 IST" name="tearDown" finished-at="2025-10-07T03:32:09 IST" duration-ms="0" status="PASS">
          <reporter-output>
          </reporter-output>
        </test-method> <!-- tearDown -->
      </class> <!-- TestCases.LoginTests -->
    </test> <!-- Default test -->
  </suite> <!-- Default suite -->
</testng-results>
